2/10/2017 3:21:03 PM | 
2/10/2017 3:21:03 PM | 
Message : La valeur ne peut pas être null.
2/10/2017 3:21:03 PM | 
Nom du paramètre : key
2/10/2017 3:21:03 PM | 
LastTrace : openElement.Forms.FrmPageEdit.InternalSelectElementsIsEqual(Dictionary`2 elements, String zoneName, String propertyName, String textEditData, Int32 stateZoneName)
2/10/2017 3:21:03 PM | 
Params : 
2/10/2017 3:21:03 PM | 
MethodeName : Void ThrowArgumentNullException(System.ExceptionArgument)
2/10/2017 3:21:03 PM | 
Stamp : 2/10/2017 3:21:01 PM
2/10/2017 3:21:03 PM | 
OSFullName : Microsoft Windows 7 Édition Familiale Premium 
2/10/2017 3:21:03 PM | 
AvailablePhysicalMemory : 886.25 Mo 
2/10/2017 3:21:03 PM | 
TotalPhysicalMemory : 3 Go 
2/10/2017 3:21:03 PM | 
AvailableVirtualMemory : 3.26 Go 
2/10/2017 3:21:03 PM | 
TotalVirtualMemory : 4 Go 
2/10/2017 3:21:03 PM | 
WorkingSet : 337.85 Mo 
2/10/2017 3:21:03 PM | 
PagedMemorySize : 338.25 Mo 
2/10/2017 3:21:03 PM | 
TotalMemory : 29.72 Mo 
2/10/2017 3:21:03 PM | 

2/10/2017 3:21:03 PM | 
ExTrace : 
2/10/2017 3:21:03 PM | 
à openElement.Forms.FrmPageEdit.InternalSelectElementsIsEqual(Dictionary`2 elements, String zoneName, String propertyName, String textEditData, Int32 stateZoneName) dans C:\Users\Win7Dev64\Source\Workspaces\openElement\App\openElement\Form\Page\FrmPageEdit.Select.vb:ligne 28
2/10/2017 3:21:03 PM | 
à openElement.Forms.FrmPageEdit.InternalSelectElements(Dictionary`2 elements, String zoneName, String propertyName, String textEditData, Int32 stateZoneName) dans C:\Users\Win7Dev64\Source\Workspaces\openElement\App\openElement\Form\Page\FrmPageEdit.Select.vb:ligne 75
2/10/2017 3:21:03 PM | 
à openElement.Forms.FrmPageEdit.InternalSelectElements(String[] idArray, String zoneName, String propertyName, String textEditData, Int32 stateZoneName) dans C:\Users\Win7Dev64\Source\Workspaces\openElement\App\openElement\Form\Page\FrmPageEdit.Select.vb:ligne 170
2/10/2017 3:21:03 PM | 
à openElement.Forms.PageEditFromJs._SelectElements(String idjsArray, String zoneName, String propertyName, String textEditData) dans C:\Users\Win7Dev64\Source\Workspaces\openElement\App\openElement\Form\Page\PageEditFromJs.vb:ligne 502
2/10/2017 3:21:03 PM | 

2/10/2017 3:21:03 PM | 
OETrace : 
2/10/2017 3:21:03 PM | 
à openElement.Forms.PageEditFromJs.TrapError(Exception ex, String infosParams) dans C:\Users\Win7Dev64\Source\Workspaces\openElement\App\openElement\Form\Page\PageEditFromJs.vb:ligne 35
2/10/2017 3:21:03 PM | 
à openElement.Forms.PageEditFromJs._SelectElements(String idjsArray, String zoneName, String propertyName, String textEditData) dans C:\Users\Win7Dev64\Source\Workspaces\openElement\App\openElement\Form\Page\PageEditFromJs.vb:ligne 508
2/10/2017 3:21:03 PM | 
à openElement.My.MyApplication.Main(String[] Args) dans 17d14f5c-a337-4978-8281-53493378c1071.vb:ligne 82
2/10/2017 3:21:03 PM | 

2/10/2017 3:21:03 PM | 
------------------
